<?xml version="1.0" encoding="UTF-8"?>
<!-- Generated by org.testng.reporters.JUnitReportReporter -->
<testsuite hostname="LAPTOP-89J8GLLP" failures="0" tests="2" name="Tests.E_commerceTesting" time="18.725" errors="0" timestamp="2024-07-13T22:36:26 IST" skipped="0">
  <testcase classname="Tests.E_commerceTesting" name="T01_HomePageTest" time="8.323"/>
  <testcase classname="Tests.E_commerceTesting" name="T02_PlaceOrderTest" time="10.402"/>
</testsuite> <!-- Tests.E_commerceTesting -->
